<?xml version="1.0" encoding="UTF-8"?>
<testsuites name="Presentacion" tests="16" time="6.834">
  <testsuite name="Team Resource" id="763d54f1-b627-48aa-a345-fdeee4f8d1b8" timestamp="2020-11-03T19:13:15.899Z" tests="7" failures="0" errors="0" time="1.777">
    <testcase name="Body is correct" time="1.777" classname="Presentacion"/>
    <testcase name="Status code is 200" time="1.777" classname="Presentacion"/>
    <testcase name="Content-Type is present" time="1.777" classname="Presentacion"/>
    <testcase name="Client is authenticated" time="1.777" classname="Presentacion"/>
    <testcase name="API-Version header set" time="1.777" classname="Presentacion"/>
    <testcase name="X-Requests-Available > 0" time="1.777" classname="Presentacion"/>
    <testcase name="X-RequestCounter-Reset > 0" time="1.777" classname="Presentacion"/>
  </testsuite>
  <testsuite name="Team Resource" id="aa5c721d-6a6e-4279-a43a-6b217139162b" timestamp="2020-11-03T19:13:15.899Z" tests="6" failures="0" errors="0" time="0.299">
    <testcase name="Status code is 200" time="0.299" classname="Presentacion"/>
    <testcase name="Content-Type is present" time="0.299" classname="Presentacion"/>
    <testcase name="Client is authenticated" time="0.299" classname="Presentacion"/>
    <testcase name="API-Version header set" time="0.299" classname="Presentacion"/>
    <testcase name="X-Requests-Available > 0" time="0.299" classname="Presentacion"/>
    <testcase name="X-RequestCounter-Reset > 0" time="0.299" classname="Presentacion"/>
  </testsuite>
  <testsuite name="Team Resource" id="84191da2-55bc-4b5d-940e-5b840ac66250" timestamp="2020-11-03T19:13:15.899Z" tests="6" failures="0" errors="0" time="0.291">
    <testcase name="Status code is 200" time="0.291" classname="Presentacion"/>
    <testcase name="Content-Type is present" time="0.291" classname="Presentacion"/>
    <testcase name="Client is authenticated" time="0.291" classname="Presentacion"/>
    <testcase name="API-Version header set" time="0.291" classname="Presentacion"/>
    <testcase name="X-Requests-Available > 0" time="0.291" classname="Presentacion"/>
    <testcase name="X-RequestCounter-Reset > 0" time="0.291" classname="Presentacion"/>
  </testsuite>
  <testsuite name="Competition / Standings" id="4a693980-dee5-4c2d-b8de-c9d1e9b462b6" timestamp="2020-11-03T19:13:15.899Z" tests="6" failures="0" errors="0" time="0.350">
    <testcase name="Status code is 200" time="0.350" classname="Presentacion"/>
    <testcase name="Content-Type is present" time="0.350" classname="Presentacion"/>
    <testcase name="Client is authenticated" time="0.350" classname="Presentacion"/>
    <testcase name="API-Version header set" time="0.350" classname="Presentacion"/>
    <testcase name="X-Requests-Available > 0" time="0.350" classname="Presentacion"/>
    <testcase name="X-RequestCounter-Reset > 0" time="0.350" classname="Presentacion"/>
  </testsuite>
  <testsuite name="Competition / Standings AWAY" id="a6616c61-0f53-4e54-a917-2b8abe9ce8d2" timestamp="2020-11-03T19:13:15.899Z" tests="6" failures="0" errors="0" time="0.294">
    <testcase name="Status code is 200" time="0.294" classname="Presentacion"/>
    <testcase name="Content-Type is present" time="0.294" classname="Presentacion"/>
    <testcase name="Client is authenticated" time="0.294" classname="Presentacion"/>
    <testcase name="API-Version header set" time="0.294" classname="Presentacion"/>
    <testcase name="X-Requests-Available > 0" time="0.294" classname="Presentacion"/>
    <testcase name="X-RequestCounter-Reset > 0" time="0.294" classname="Presentacion"/>
  </testsuite>
  <testsuite name="Player Resource" id="a842c227-dc3b-45df-9cdb-bea9eb4370dc" timestamp="2020-11-03T19:13:15.899Z" tests="7" failures="0" errors="0" time="0.407">
    <testcase name="Encuentra el string Cristiano Ronaldo" time="0.407" classname="Presentacion"/>
    <testcase name="Status code is 200" time="0.407" classname="Presentacion"/>
    <testcase name="Content-Type is present" time="0.407" classname="Presentacion"/>
    <testcase name="Client is authenticated" time="0.407" classname="Presentacion"/>
    <testcase name="API-Version header set" time="0.407" classname="Presentacion"/>
    <testcase name="X-Requests-Available > 0" time="0.407" classname="Presentacion"/>
    <testcase name="X-RequestCounter-Reset > 0" time="0.407" classname="Presentacion"/>
  </testsuite>
  <testsuite name="Player Resource" id="87a69fdc-e4be-474b-8836-52fe5393d3de" timestamp="2020-11-03T19:13:15.899Z" tests="6" failures="0" errors="0" time="0.347">
    <testcase name="Status code is 200" time="0.347" classname="Presentacion"/>
    <testcase name="Content-Type is present" time="0.347" classname="Presentacion"/>
    <testcase name="Client is authenticated" time="0.347" classname="Presentacion"/>
    <testcase name="API-Version header set" time="0.347" classname="Presentacion"/>
    <testcase name="X-Requests-Available > 0" time="0.347" classname="Presentacion"/>
    <testcase name="X-RequestCounter-Reset > 0" time="0.347" classname="Presentacion"/>
  </testsuite>
  <testsuite name="Player Resource" id="18770f8d-7b0e-4386-b019-019dfb989aa4" timestamp="2020-11-03T19:13:15.899Z" tests="7" failures="0" errors="0" time="0.396">
    <testcase name="Encuentra el string 1989-01-06" time="0.396" classname="Presentacion"/>
    <testcase name="Status code is 200" time="0.396" classname="Presentacion"/>
    <testcase name="Content-Type is present" time="0.396" classname="Presentacion"/>
    <testcase name="Client is authenticated" time="0.396" classname="Presentacion"/>
    <testcase name="API-Version header set" time="0.396" classname="Presentacion"/>
    <testcase name="X-Requests-Available > 0" time="0.396" classname="Presentacion"/>
    <testcase name="X-RequestCounter-Reset > 0" time="0.396" classname="Presentacion"/>
  </testsuite>
  <testsuite name="Player Resource" id="25217408-266f-4290-b5e1-1a99d5e4b166" timestamp="2020-11-03T19:13:15.899Z" tests="6" failures="0" errors="0" time="0.307">
    <testcase name="Status code is 200" time="0.307" classname="Presentacion"/>
    <testcase name="Content-Type is present" time="0.307" classname="Presentacion"/>
    <testcase name="Client is authenticated" time="0.307" classname="Presentacion"/>
    <testcase name="API-Version header set" time="0.307" classname="Presentacion"/>
    <testcase name="X-Requests-Available > 0" time="0.307" classname="Presentacion"/>
    <testcase name="X-RequestCounter-Reset > 0" time="0.307" classname="Presentacion"/>
  </testsuite>
  <testsuite name="Player Resource" id="9c7157ad-e69d-43a3-88f9-e922672cdd63" timestamp="2020-11-03T19:13:15.899Z" tests="6" failures="0" errors="0" time="0.284">
    <testcase name="Status code is 200" time="0.284" classname="Presentacion"/>
    <testcase name="Content-Type is present" time="0.284" classname="Presentacion"/>
    <testcase name="Client is authenticated" time="0.284" classname="Presentacion"/>
    <testcase name="API-Version header set" time="0.284" classname="Presentacion"/>
    <testcase name="X-Requests-Available > 0" time="0.284" classname="Presentacion"/>
    <testcase name="X-RequestCounter-Reset > 0" time="0.284" classname="Presentacion"/>
  </testsuite>
  <testsuite name="Player / Matches Subesource" id="ab691a31-3b46-42a4-8e45-a4427ec70077" timestamp="2020-11-03T19:13:15.899Z" tests="6" failures="1" errors="0" time="0.485">
    <testcase name="Status code is 200" time="0.485" classname="Presentacion"/>
    <testcase name="Content-Type is present" time="0.485" classname="Presentacion"/>
    <testcase name="Client is authenticated" time="0.485" classname="Presentacion"/>
    <testcase name="API-Version header set" time="0.485" classname="Presentacion"/>
    <testcase name="X-Requests-Available > 0" time="0.485" classname="Presentacion">
      <failure type="AssertionFailure" message="expected false to be truthy">
        <![CDATA[Failed 1 times.]]>
        <![CDATA[Collection JSON ID: cca5d7fb-7090-4077-b2b3-d7da1edcd494.]]>
        <![CDATA[Collection name: Presentacion.]]>
        <![CDATA[Request name: Player / Matches Subesource.]]>
        <![CDATA[Test description: X-Requests-Available > 0.]]>
        <![CDATA[Error message: expected false to be truthy.]]>
        <![CDATA[Stacktrace: AssertionError: expected false to be truthy
   at Object.eval sandbox-script.js:5:11).]]>
      </failure>
    </testcase>
    <testcase name="X-RequestCounter-Reset > 0" time="0.485" classname="Presentacion"/>
  </testsuite>
  <testsuite name="Player / Matches Subesource" id="e6aa7175-6f14-4fd6-9df5-17bb313ced47" timestamp="2020-11-03T19:13:15.899Z" tests="6" failures="3" errors="0" time="0.278">
    <testcase name="Status code is 200" time="0.278" classname="Presentacion">
      <failure type="AssertionFailure" message="expected false to be truthy">
        <![CDATA[Failed 1 times.]]>
        <![CDATA[Collection JSON ID: cca5d7fb-7090-4077-b2b3-d7da1edcd494.]]>
        <![CDATA[Collection name: Presentacion.]]>
        <![CDATA[Request name: Player / Matches Subesource.]]>
        <![CDATA[Test description: Status code is 200.]]>
        <![CDATA[Error message: expected false to be truthy.]]>
        <![CDATA[Stacktrace: AssertionError: expected false to be truthy
   at Object.eval sandbox-script.js:1:12).]]>
      </failure>
    </testcase>
    <testcase name="Content-Type is present" time="0.278" classname="Presentacion"/>
    <testcase name="Client is authenticated" time="0.278" classname="Presentacion"/>
    <testcase name="API-Version header set" time="0.278" classname="Presentacion">
      <failure type="AssertionFailure" message="expected false to be truthy">
        <![CDATA[Failed 1 times.]]>
        <![CDATA[Collection JSON ID: cca5d7fb-7090-4077-b2b3-d7da1edcd494.]]>
        <![CDATA[Collection name: Presentacion.]]>
        <![CDATA[Request name: Player / Matches Subesource.]]>
        <![CDATA[Test description: API-Version header set.]]>
        <![CDATA[Error message: expected false to be truthy.]]>
        <![CDATA[Stacktrace: AssertionError: expected false to be truthy
   at Object.eval sandbox-script.js:4:12).]]>
      </failure>
    </testcase>
    <testcase name="X-Requests-Available > 0" time="0.278" classname="Presentacion">
      <failure type="AssertionFailure" message="expected false to be truthy">
        <![CDATA[Failed 1 times.]]>
        <![CDATA[Collection JSON ID: cca5d7fb-7090-4077-b2b3-d7da1edcd494.]]>
        <![CDATA[Collection name: Presentacion.]]>
        <![CDATA[Request name: Player / Matches Subesource.]]>
        <![CDATA[Test description: X-Requests-Available > 0.]]>
        <![CDATA[Error message: expected false to be truthy.]]>
        <![CDATA[Stacktrace: AssertionError: expected false to be truthy
   at Object.eval sandbox-script.js:5:12).]]>
      </failure>
    </testcase>
    <testcase name="X-RequestCounter-Reset > 0" time="0.278" classname="Presentacion"/>
  </testsuite>
  <testsuite name="Competition Resource" id="520277b1-6db0-4628-8148-ebe035e17490" timestamp="2020-11-03T19:13:15.899Z" tests="6" failures="3" errors="0" time="0.278">
    <testcase name="Status code is 200" time="0.278" classname="Presentacion">
      <failure type="AssertionFailure" message="expected false to be truthy">
        <![CDATA[Failed 1 times.]]>
        <![CDATA[Collection JSON ID: cca5d7fb-7090-4077-b2b3-d7da1edcd494.]]>
        <![CDATA[Collection name: Presentacion.]]>
        <![CDATA[Request name: Competition Resource.]]>
        <![CDATA[Test description: Status code is 200.]]>
        <![CDATA[Error message: expected false to be truthy.]]>
        <![CDATA[Stacktrace: AssertionError: expected false to be truthy
   at Object.eval sandbox-script.js:1:13).]]>
      </failure>
    </testcase>
    <testcase name="Content-Type is present" time="0.278" classname="Presentacion"/>
    <testcase name="Client is authenticated" time="0.278" classname="Presentacion"/>
    <testcase name="API-Version header set" time="0.278" classname="Presentacion">
      <failure type="AssertionFailure" message="expected false to be truthy">
        <![CDATA[Failed 1 times.]]>
        <![CDATA[Collection JSON ID: cca5d7fb-7090-4077-b2b3-d7da1edcd494.]]>
        <![CDATA[Collection name: Presentacion.]]>
        <![CDATA[Request name: Competition Resource.]]>
        <![CDATA[Test description: API-Version header set.]]>
        <![CDATA[Error message: expected false to be truthy.]]>
        <![CDATA[Stacktrace: AssertionError: expected false to be truthy
   at Object.eval sandbox-script.js:4:13).]]>
      </failure>
    </testcase>
    <testcase name="X-Requests-Available > 0" time="0.278" classname="Presentacion">
      <failure type="AssertionFailure" message="expected false to be truthy">
        <![CDATA[Failed 1 times.]]>
        <![CDATA[Collection JSON ID: cca5d7fb-7090-4077-b2b3-d7da1edcd494.]]>
        <![CDATA[Collection name: Presentacion.]]>
        <![CDATA[Request name: Competition Resource.]]>
        <![CDATA[Test description: X-Requests-Available > 0.]]>
        <![CDATA[Error message: expected false to be truthy.]]>
        <![CDATA[Stacktrace: AssertionError: expected false to be truthy
   at Object.eval sandbox-script.js:5:13).]]>
      </failure>
    </testcase>
    <testcase name="X-RequestCounter-Reset > 0" time="0.278" classname="Presentacion"/>
  </testsuite>
  <testsuite name="Area Resource" id="f4cacfd6-0953-4254-9c84-2e4867e9a507" timestamp="2020-11-03T19:13:15.899Z" tests="6" failures="2" errors="0" time="0.299">
    <testcase name="Status code is 200" time="0.299" classname="Presentacion"/>
    <testcase name="Content-Type is present" time="0.299" classname="Presentacion"/>
    <testcase name="Client is authenticated" time="0.299" classname="Presentacion">
      <failure type="AssertionFailure" message="expected false to be truthy">
        <![CDATA[Failed 1 times.]]>
        <![CDATA[Collection JSON ID: cca5d7fb-7090-4077-b2b3-d7da1edcd494.]]>
        <![CDATA[Collection name: Presentacion.]]>
        <![CDATA[Request name: Area Resource.]]>
        <![CDATA[Test description: Client is authenticated.]]>
        <![CDATA[Error message: expected false to be truthy.]]>
        <![CDATA[Stacktrace: AssertionError: expected false to be truthy
   at Object.eval sandbox-script.js:3:14).]]>
      </failure>
    </testcase>
    <testcase name="API-Version header set" time="0.299" classname="Presentacion"/>
    <testcase name="X-Requests-Available > 0" time="0.299" classname="Presentacion">
      <failure type="AssertionFailure" message="expected false to be truthy">
        <![CDATA[Failed 1 times.]]>
        <![CDATA[Collection JSON ID: cca5d7fb-7090-4077-b2b3-d7da1edcd494.]]>
        <![CDATA[Collection name: Presentacion.]]>
        <![CDATA[Request name: Area Resource.]]>
        <![CDATA[Test description: X-Requests-Available > 0.]]>
        <![CDATA[Error message: expected false to be truthy.]]>
        <![CDATA[Stacktrace: AssertionError: expected false to be truthy
   at Object.eval sandbox-script.js:5:14).]]>
      </failure>
    </testcase>
    <testcase name="X-RequestCounter-Reset > 0" time="0.299" classname="Presentacion"/>
  </testsuite>
  <testsuite name="Competition List Resource" id="a02416a1-857a-4254-a5e0-61c5b5e55f1b" timestamp="2020-11-03T19:13:15.899Z" tests="6" failures="0" errors="0" time="0.464">
    <testcase name="Status code is 200" time="0.464" classname="Presentacion"/>
    <testcase name="Content-Type is present" time="0.464" classname="Presentacion"/>
    <testcase name="Client is not authenticated" time="0.464" classname="Presentacion"/>
    <testcase name="API-Version header set" time="0.464" classname="Presentacion"/>
    <testcase name="X-Requests-Available > 0" time="0.464" classname="Presentacion"/>
    <testcase name="X-RequestCounter-Reset > 0" time="0.464" classname="Presentacion"/>
  </testsuite>
  <testsuite name="Competition List Resource" id="cddeddc5-6bfa-48a6-91cf-a950de2ab653" timestamp="2020-11-03T19:13:15.899Z" tests="5" failures="3" errors="0" time="0.278">
    <testcase name="Status code is 200" time="0.278" classname="Presentacion">
      <failure type="AssertionFailure" message="expected false to be truthy">
        <![CDATA[Failed 1 times.]]>
        <![CDATA[Collection JSON ID: cca5d7fb-7090-4077-b2b3-d7da1edcd494.]]>
        <![CDATA[Collection name: Presentacion.]]>
        <![CDATA[Request name: Competition List Resource.]]>
        <![CDATA[Test description: Status code is 200.]]>
        <![CDATA[Error message: expected false to be truthy.]]>
        <![CDATA[Stacktrace: AssertionError: expected false to be truthy
   at Object.eval sandbox-script.js:1:16).]]>
      </failure>
    </testcase>
    <testcase name="Content-Type is present" time="0.278" classname="Presentacion"/>
    <testcase name="Client is not authenticated" time="0.278" classname="Presentacion">
      <failure type="AssertionFailure" message="expected false to be truthy">
        <![CDATA[Failed 1 times.]]>
        <![CDATA[Collection JSON ID: cca5d7fb-7090-4077-b2b3-d7da1edcd494.]]>
        <![CDATA[Collection name: Presentacion.]]>
        <![CDATA[Request name: Competition List Resource.]]>
        <![CDATA[Test description: Client is not authenticated.]]>
        <![CDATA[Error message: expected false to be truthy.]]>
        <![CDATA[Stacktrace: AssertionError: expected false to be truthy
   at Object.eval sandbox-script.js:3:16).]]>
      </failure>
    </testcase>
    <testcase name="API-Version header set" time="0.278" classname="Presentacion">
      <failure type="AssertionFailure" message="expected false to be truthy">
        <![CDATA[Failed 1 times.]]>
        <![CDATA[Collection JSON ID: cca5d7fb-7090-4077-b2b3-d7da1edcd494.]]>
        <![CDATA[Collection name: Presentacion.]]>
        <![CDATA[Request name: Competition List Resource.]]>
        <![CDATA[Test description: API-Version header set.]]>
        <![CDATA[Error message: expected false to be truthy.]]>
        <![CDATA[Stacktrace: AssertionError: expected false to be truthy
   at Object.eval sandbox-script.js:4:16).]]>
      </failure>
    </testcase>
    <testcase name="X-RequestCounter-Reset > 0" time="0.278" classname="Presentacion"/>
  </testsuite>
</testsuites>