<?xml version="1.0" encoding="UTF-8"?>
<testsuites name="OPEN API Copy" tests="11" time="5.401">
  <testsuite name="v1 / customers / {customer Id} / Get customer by Id" id="c83fa900-a637-4d5c-8e2f-590a6add4790" timestamp="2020-12-16T16:41:31.232Z" tests="4" failures="0" errors="0" time="1.026">
    <testcase name="Response time en menor a 1800" time="1.026" classname="OpenApiCopy"/>
    <testcase name="encuentra el string 1031 Lima Av" time="1.026" classname="OpenApiCopy"/>
    <testcase name="buscar que este presente en cabecera ETag" time="1.026" classname="OpenApiCopy"/>
    <testcase name="Status dentro del rango" time="1.026" classname="OpenApiCopy"/>
  </testsuite>
  <testsuite name="v1 / customers / {customer Id} / Update Customer" id="81855179-18c6-4dc4-b5b8-e65f5644f79a" timestamp="2020-12-16T16:41:31.232Z" tests="3" failures="0" errors="0" time="0.375">
    <testcase name="Response time is less than 1500" time="0.375" classname="OpenApiCopy"/>
    <testcase name="buscar que este presente en cabecera ETag" time="0.375" classname="OpenApiCopy"/>
    <testcase name="Status dentro del rango" time="0.375" classname="OpenApiCopy"/>
  </testsuite>
  <testsuite name="v1 / customers / {customer Id} / Delete Customer by Id" id="34712a31-16d0-453c-bab9-60048a9440e4" timestamp="2020-12-16T16:41:31.232Z" tests="3" failures="0" errors="0" time="0.500">
    <testcase name="Response time is less than 1400" time="0.500" classname="OpenApiCopy"/>
    <testcase name="buscar que esten presentes las siguientes cabeceras: ETag, Date, Server, X-RateLimit-Remaining" time="0.500" classname="OpenApiCopy"/>
    <testcase name="Status dentro del rango" time="0.500" classname="OpenApiCopy"/>
  </testsuite>
  <testsuite name="v1 / customers / {customer Id} / Place Order" id="01c04cb6-0405-4a26-a5c9-cdf618e2e8bc" timestamp="2020-12-16T16:41:31.232Z" tests="4" failures="0" errors="0" time="0.376">
    <testcase name="Response time is less than 1000" time="0.376" classname="OpenApiCopy"/>
    <testcase name="Status code name has string" time="0.376" classname="OpenApiCopy"/>
    <testcase name="buscar que este presente en cabecera ETag" time="0.376" classname="OpenApiCopy"/>
    <testcase name="Status dentro del rango" time="0.376" classname="OpenApiCopy"/>
  </testsuite>
  <testsuite name="v1 / customers / List Customers" id="8399ff71-7c3d-47f9-9d18-d6f23cede7fd" timestamp="2020-12-16T16:41:31.232Z" tests="4" failures="0" errors="0" time="0.558">
    <testcase name="Response time is less than 1000" time="0.558" classname="OpenApiCopy"/>
    <testcase name="encuentra el string &quot;totalPages&quot;: 34189903" time="0.558" classname="OpenApiCopy"/>
    <testcase name="buscar que este presente en cabecera Vary" time="0.558" classname="OpenApiCopy"/>
    <testcase name="Status dentro del rango" time="0.558" classname="OpenApiCopy"/>
  </testsuite>
  <testsuite name="v1 / customers / New Customer" id="614d920c-cfb5-4fa7-83cb-f19a213ea444" timestamp="2020-12-16T16:41:31.232Z" tests="3" failures="0" errors="0" time="0.472">
    <testcase name="Response time is less than 1200" time="0.472" classname="OpenApiCopy"/>
    <testcase name="buscar que este presente en cabecera Vary y Server" time="0.472" classname="OpenApiCopy"/>
    <testcase name="Status dentro del rango" time="0.472" classname="OpenApiCopy"/>
  </testsuite>
  <testsuite name="v1 / beers / {beer Id} / Get Beer by Id" id="3c71907d-6712-4908-a36a-1f4015f555c9" timestamp="2020-12-16T16:41:31.232Z" tests="5" failures="0" errors="0" time="0.360">
    <testcase name="Respuesta OK" time="0.360" classname="OpenApiCopy"/>
    <testcase name="Tiempo OK" time="0.360" classname="OpenApiCopy"/>
    <testcase name="buscar que este presente en cabecera ETag" time="0.360" classname="OpenApiCopy"/>
    <testcase name="encuentra el string &quot;673e64a1-b059-5a31-4ad9-e203f8133b83&quot;" time="0.360" classname="OpenApiCopy"/>
    <testcase name="encuentra el string &quot;Carlsberg&quot;" time="0.360" classname="OpenApiCopy"/>
  </testsuite>
  <testsuite name="v1 / beers / {beer Id} / Update Beer by Id" id="a77854c3-b3f4-4d97-bed8-a3701e21ba68" timestamp="2020-12-16T16:41:31.232Z" tests="0" failures="0" errors="0" time="0.363"/>
  <testsuite name="v1 / beers / {beer Id} / Delete Beer by Id" id="1350cdac-5bd1-4767-b3d9-5ea92df40033" timestamp="2020-12-16T16:41:31.232Z" tests="1" failures="0" errors="0" time="0.501">
    <testcase name="Status code is 200" time="0.501" classname="OpenApiCopy"/>
  </testsuite>
  <testsuite name="v1 / beers / List Beers" id="1ed7dc68-4782-46d9-9c1d-2127beda2bab" timestamp="2020-12-16T16:41:31.232Z" tests="4" failures="0" errors="0" time="0.479">
    <testcase name="Respuesta OK" time="0.479" classname="OpenApiCopy"/>
    <testcase name="Tiempo OK" time="0.479" classname="OpenApiCopy"/>
    <testcase name="buscar que este presente en cabecera ETag" time="0.479" classname="OpenApiCopy"/>
    <testcase name="encuentra el string &quot;size&quot;: 89030437" time="0.479" classname="OpenApiCopy"/>
  </testsuite>
  <testsuite name="v1 / beers / New Beer" id="ad236ac6-51cb-4f23-a6c7-a02b9070814b" timestamp="2020-12-16T16:41:31.232Z" tests="1" failures="0" errors="0" time="0.391">
    <testcase name="buscar que este presente en cabecera ETag" time="0.391" classname="OpenApiCopy"/>
  </testsuite>
</testsuites>